<?xml version="1.0" encoding="UTF-8"?>
<testng-results skipped="0" failed="0" ignored="0" total="2" passed="2">
  <reporter-output>
  </reporter-output>
  <suite name="Default suite" duration-ms="48518" started-at="2020-01-31T20:16:11 IST" finished-at="2020-01-31T20:16:59 IST">
    <groups>
    </groups>
    <test name="Default test" duration-ms="48518" started-at="2020-01-31T20:16:11 IST" finished-at="2020-01-31T20:16:59 IST">
      <class name="com.training.sanity.tests.LoginRetailTest">
        <test-method status="PASS" signature="setUpBeforeClass()[pri:0, instance:com.training.sanity.tests.LoginRetailTest@aad32e3b]" name="setUpBeforeClass" is-config="true" duration-ms="27897" started-at="2020-01-31T20:16:11 IST" finished-at="2020-01-31T20:16:39 IST">
          <reporter-output>
          </reporter-output>
        </test-method> <!-- setUpBeforeClass -->
        <test-method status="PASS" signature="loginTest()[pri:0, instance:com.training.sanity.tests.LoginRetailTest@aad32e3b]" name="loginTest" duration-ms="7801" started-at="2020-01-31T20:16:39 IST" finished-at="2020-01-31T20:16:47 IST">
          <reporter-output>
          </reporter-output>
        </test-method> <!-- loginTest -->
        <test-method status="PASS" signature="LoginTest()[pri:1, instance:com.training.sanity.tests.LoginRetailTest@aad32e3b]" name="LoginTest" duration-ms="10803" started-at="2020-01-31T20:16:47 IST" finished-at="2020-01-31T20:16:57 IST">
          <reporter-output>
          </reporter-output>
        </test-method> <!-- LoginTest -->
        <test-method status="PASS" signature="tearDown()[pri:0, instance:com.training.sanity.tests.LoginRetailTest@aad32e3b]" name="tearDown" is-config="true" duration-ms="1930" started-at="2020-01-31T20:16:57 IST" finished-at="2020-01-31T20:16:59 IST">
          <reporter-output>
          </reporter-output>
        </test-method> <!-- tearDown -->
      </class> <!-- com.training.sanity.tests.LoginRetailTest -->
    </test> <!-- Default test -->
  </suite> <!-- Default suite -->
</testng-results>
