<?xml version="1.0" encoding="UTF-8"?>
<testng-results skipped="0" failed="0" ignored="0" total="2" passed="2">
  <reporter-output>
  </reporter-output>
  <suite name="Default suite" duration-ms="51971" started-at="2020-02-02T15:35:47 IST" finished-at="2020-02-02T15:36:39 IST">
    <groups>
    </groups>
    <test name="Default test" duration-ms="51971" started-at="2020-02-02T15:35:47 IST" finished-at="2020-02-02T15:36:39 IST">
      <class name="com.training.sanity.tests.RegisterTest">
        <test-method status="PASS" signature="setUpBeforeClass()[pri:0, instance:com.training.sanity.tests.RegisterTest@3e85e7e4]" name="setUpBeforeClass" is-config="true" duration-ms="21181" started-at="2020-02-02T15:35:47 IST" finished-at="2020-02-02T15:36:08 IST">
          <reporter-output>
          </reporter-output>
        </test-method> <!-- setUpBeforeClass -->
        <test-method status="PASS" signature="newRegisterTest()[pri:0, instance:com.training.sanity.tests.RegisterTest@3e85e7e4]" name="newRegisterTest" duration-ms="14360" started-at="2020-02-02T15:36:08 IST" finished-at="2020-02-02T15:36:22 IST">
          <reporter-output>
          </reporter-output>
        </test-method> <!-- newRegisterTest -->
        <test-method status="PASS" signature="validRegistration()[pri:1, instance:com.training.sanity.tests.RegisterTest@3e85e7e4]" name="validRegistration" duration-ms="13586" started-at="2020-02-02T15:36:22 IST" finished-at="2020-02-02T15:36:36 IST">
          <reporter-output>
          </reporter-output>
        </test-method> <!-- validRegistration -->
        <test-method status="PASS" signature="tearDown()[pri:0, instance:com.training.sanity.tests.RegisterTest@3e85e7e4]" name="tearDown" is-config="true" duration-ms="2777" started-at="2020-02-02T15:36:36 IST" finished-at="2020-02-02T15:36:39 IST">
          <reporter-output>
          </reporter-output>
        </test-method> <!-- tearDown -->
      </class> <!-- com.training.sanity.tests.RegisterTest -->
    </test> <!-- Default test -->
  </suite> <!-- Default suite -->
</testng-results>
